<?xml version="1.0" encoding="UTF-8"?>
<!-- Generated by org.testng.reporters.JUnitReportReporter -->
<testsuite hostname="DESKTOP-HPDBO82" failures="0" tests="1" name="tests.DemoTest1" time="0.036" errors="0" timestamp="2023-08-01T13:59:58 IST" skipped="0">
  <testcase classname="tests.DemoTest1" name="f" time="0.036"/>
  <system-out/>
</testsuite> <!-- tests.DemoTest1 -->
