<?xml version="1.0" encoding="UTF-8"?>
<!-- Generated by org.testng.reporters.JUnitReportReporter -->
<testsuite hostname="DESKTOP-HPDBO82" failures="0" tests="4" name="tests.ScrollPageWithTestNG" time="52.049" errors="0" timestamp="2023-08-01T14:01:13 IST" skipped="3">
  <testcase classname="tests.ScrollPageWithTestNG" name="test2" time="52.049"/>
  <system-out/>
  <testcase classname="tests.ScrollPageWithTestNG" name="test4">
    <skipped/>
  </testcase> <!-- test4 -->
  <system-out/>
  <testcase classname="tests.ScrollPageWithTestNG" name="test3">
    <skipped/>
  </testcase> <!-- test3 -->
  <system-out/>
  <testcase classname="tests.ScrollPageWithTestNG" name="test1">
    <skipped/>
  </testcase> <!-- test1 -->
  <system-out/>
</testsuite> <!-- tests.ScrollPageWithTestNG -->
