<?xml version="1.0" encoding="UTF-8"?>
<!-- Generated by org.testng.reporters.JUnitReportReporter -->
<testsuite hostname="DESKTOP-HPDBO82" failures="0" tests="1" name="DemoTest1" time="0.047" errors="0" timestamp="2023-07-22T18:52:16 IST" skipped="0">
  <testcase classname="DemoTest1" name="f" time="0.047"/>
  <system-out/>
</testsuite> <!-- DemoTest1 -->
